Vaccine
Tuberculosis
Hepatitis B
Poliomyelitis
Diphtheria Pertussis Tetanus
Measles
Measles Rubella
Japanese Encephalitis
Meningococcus
Diphtheria Tetanus
Measles Mumps Rubella
Hepatitis A
Haemophilus Influenza
Hepatitis A&B
Varicella Zoster
PneumoCoccal
Influenza
RotaVirus
Cholera
Typhoid
Hepatitis E
Quad-components
Penta-components
BCG
HepB
PV
DPT
MV
MR
JEV
MCV
DT
MMR
HepA
HI
HepAB
VZV
PCV
Flu
RVV
CV
TV
HepE
Quad
Penta
Pfizer-BioNTech
Pfizer
Moderna
Johnson & Johnson’s Janssen
AstraZeneca
Novavax
AstraZeneca